2019-02-08 10:09:18.3088 [DEBUG] Scene Fusion version 1.8.2-0
2019-02-08 10:09:18.3219 [INFO] Setting define symbol SCENE_FUSION
2019-02-08 10:09:26.9047 [DEBUG] Scene Fusion version 1.8.2-0
2019-02-08 10:09:28.4964 [DEBUG] Invalid token sent as part of a web request token. Token = cfg6pmr2BcxJSDDwKNF8rgxhIDmQfjZwPhYNRR07aaDK5flTup0JnUGD37SGjoTYp7dmSl7fgRY87UAISrraxe9idL8faOO9Ssn7HOGb5AkU0SpwiuxAN4uBoeuZClLwlckz1FChPfr52srf0rb2nquoD4FoWr6YcfCZByqN9IJOztHSSta98pOxJ3RUdXqhbpLyahjulms2X6dhdsKHQoZ0Yt5g610S54M6gIWW8197a5Yj7Y7lB8zJy2gKXZu
2019-02-08 10:09:33.5021 [DEBUG] Web request login error: Invalid credentials
2019-02-08 10:09:44.4885 [DEBUG] Connecting
2019-02-08 10:09:44.5125 [DEBUG] Connecting to room (90394:SceneFusion:SceneFusion) via TCP at roommanager-ec2-52-12-117-140.kinematicsoup.com:21312
2019-02-08 10:12:14.4236 [DEBUG] Sent D:/Unity Projects/OpdrachtMetJochem/OpdrachtJS/KSEditorLogs/SessionLogs/session.90394-636852173845285191.log
2019-02-08 10:13:45.8549 [DEBUG] Connecting
2019-02-08 10:13:45.8628 [DEBUG] Connecting to room (90395:SceneFusion:SceneFusion) via TCP at roommanager-ec2-52-12-117-140.kinematicsoup.com:21312
2019-02-08 10:15:12.9488 [DEBUG] Sent D:/Unity Projects/OpdrachtMetJochem/OpdrachtJS/KSEditorLogs/SessionLogs/session.90395-636852176258728463.log
2019-02-08 10:15:12.9488 [DEBUG] Connection failed. (90395:SceneFusion:SceneFusion)
2019-02-08 10:15:19.0648 [DEBUG] Connecting
2019-02-08 10:15:19.0747 [DEBUG] Connecting to room (90395:SceneFusion:SceneFusion) via TCP at roommanager-ec2-52-12-117-140.kinematicsoup.com:21312
2019-02-08 10:15:21.3994 [DEBUG] Sent D:/Unity Projects/OpdrachtMetJochem/OpdrachtJS/KSEditorLogs/SessionLogs/session.90395-636852177190787671.log
2019-02-08 10:15:21.3994 [DEBUG] Connection failed. (90395:SceneFusion:SceneFusion)
2019-02-08 10:15:27.5059 [DEBUG] Connecting
2019-02-08 10:15:27.5148 [DEBUG] Connecting to room (90395:SceneFusion:SceneFusion) via TCP at roommanager-ec2-52-12-117-140.kinematicsoup.com:21312
2019-02-08 10:15:30.2902 [DEBUG] Sent D:/Unity Projects/OpdrachtMetJochem/OpdrachtJS/KSEditorLogs/SessionLogs/session.90395-636852177275208767.log
2019-02-08 10:15:30.2912 [DEBUG] Connection failed. (90395:SceneFusion:SceneFusion)
2019-02-08 10:15:41.8804 [DEBUG] Scene Fusion version 1.8.2-0
2019-02-08 10:17:58.9676 [DEBUG] Connecting
2019-02-08 10:17:58.9926 [DEBUG] Connecting to room (90396:SceneFusion:SceneFusion) via TCP at roommanager-ec2-52-12-117-140.kinematicsoup.com:21312
2019-02-08 10:51:11.7001 [DEBUG] Scene Fusion version 1.8.2-0
2019-02-08 10:52:03.1720 [DEBUG] Scene Fusion version 1.8.2-0
2019-02-08 10:52:03.2119 [DEBUG] Play mode: True, sync in play mode: True
2019-02-08 10:52:05.9632 [DEBUG] Play mode: False
2019-02-08 10:52:31.6999 [DEBUG] Scene Fusion version 1.8.2-0
2019-02-08 11:02:03.8686 [DEBUG] Scene Fusion version 1.8.2-0
2019-02-08 11:02:09.9246 [DEBUG] Scene Fusion version 1.8.2-0
2019-02-08 11:02:09.9744 [DEBUG] Play mode: True, sync in play mode: True
2019-02-08 11:02:13.3970 [DEBUG] Play mode: False
2019-02-08 11:02:17.0750 [DEBUG] Scene Fusion version 1.8.2-0
2019-02-08 11:02:17.1219 [DEBUG] Play mode: True, sync in play mode: True
2019-02-08 11:02:21.4611 [DEBUG] Play mode: False
2019-02-08 11:06:18.7491 [DEBUG] Scene Fusion version 1.8.2-0
2019-02-08 11:06:38.2901 [DEBUG] Scene Fusion version 1.8.2-0
2019-02-08 11:06:38.3589 [DEBUG] Play mode: True, sync in play mode: True
2019-02-08 11:06:40.6374 [ERROR] NullReferenceException: Object reference not set to an instance of an object
Fire.Shoot () (at Assets/Scripts/Fire.cs:21)
ControlFire.Update () (at Assets/Scripts/ControlFire.cs:19)

2019-02-08 11:06:42.7900 [DEBUG] Play mode: False
2019-02-08 11:07:47.5424 [DEBUG] Scene Fusion version 1.8.2-0
