2019-02-08 10:10:05.5340 [DEBUG] Connection attempt timed out. (90394:SceneFusion:SceneFusion)
2019-02-08 10:10:05.5390 [WARNING] Connection failed: TIMEOUT, retrying...
2019-02-08 10:10:07.5329 [DEBUG] Connecting to room (90394:SceneFusion:SceneFusion) via TCP at roommanager-ec2-52-12-117-140.kinematicsoup.com:443
2019-02-08 10:10:07.5428 [DEBUG] Validating model...
2019-02-08 10:10:07.9127 [DEBUG] Model updated
2019-02-08 10:10:07.9136 [DEBUG] Authenticating with server...
2019-02-08 10:10:08.1462 [DEBUG] Connected to room. (90394:SceneFusion:SceneFusion)
2019-02-08 10:10:08.1572 [INFO] Connected to server.
2019-02-08 10:10:08.1572 [DEBUG] OS : Microsoft Windows NT 10.0.17134.0
2019-02-08 10:10:08.1572 [DEBUG] Unity Version : 2018.2.15f1
2019-02-08 10:10:08.1581 [DEBUG] Pro License : False
2019-02-08 10:10:08.1581 [DEBUG] Platform : WindowsEditor
2019-02-08 10:10:08.1581 [DEBUG] Build Target : StandaloneWindows64
2019-02-08 10:10:08.1581 [DEBUG] Scene Fusion version : 1.8.2
2019-02-08 10:10:08.1581 [DEBUG] Scene Fusion client build : 0
2019-02-08 10:10:08.1581 [DEBUG] User : skyherojochempie@gmail.com
2019-02-08 10:10:08.1581 [DEBUG] Waiting for server response
2019-02-08 10:10:08.2389 [DEBUG] Tier: Scene Fusion Free, Permissions: 00001400
2019-02-08 10:10:08.2389 [DEBUG] User Permissions: FFFFFFFF
2019-02-08 10:10:08.5247 [DEBUG] No stand-in for UnityEngine.ProceduralMaterial
2019-02-08 10:10:08.5247 [DEBUG] No stand-in for UnityEngine.ProceduralTexture
2019-02-08 10:10:09.4583 [DEBUG] Loading complete
2019-02-08 10:11:32.4412 [DEBUG] Disconnecting temporarily to recompile.
2019-02-08 10:11:32.4422 [DEBUG] Disconnecting from room (90394:SceneFusion:SceneFusion)
2019-02-08 10:11:32.4452 [INFO] Disconnected from server.
2019-02-08 10:11:32.4452 [DEBUG] Disconnect. (Duration: 83)
2019-02-08 10:11:37.9135 [DEBUG] Scene Fusion version 1.8.2-0
2019-02-08 10:11:38.3240 [DEBUG] Connecting
2019-02-08 10:11:38.3600 [DEBUG] Connecting to room (90394:SceneFusion:SceneFusion) via TCP at roommanager-ec2-52-12-117-140.kinematicsoup.com:21312
2019-02-08 10:11:38.3720 [DEBUG] Guest connection. (Session: 90394)
2019-02-08 10:11:59.3775 [DEBUG] Connection attempt timed out. (90394:SceneFusion:SceneFusion)
2019-02-08 10:11:59.3865 [WARNING] Connection failed: TIMEOUT, retrying...
2019-02-08 10:12:01.3787 [DEBUG] Connecting to room (90394:SceneFusion:SceneFusion) via TCP at roommanager-ec2-52-12-117-140.kinematicsoup.com:443
2019-02-08 10:12:01.3907 [DEBUG] Validating model...
2019-02-08 10:12:01.7477 [DEBUG] Model updated
2019-02-08 10:12:01.7487 [DEBUG] Authenticating with server...
2019-02-08 10:12:01.9912 [DEBUG] Connected to room. (90394:SceneFusion:SceneFusion)
2019-02-08 10:12:01.9932 [INFO] Connected to server.
2019-02-08 10:12:01.9932 [DEBUG] OS : Microsoft Windows NT 10.0.17134.0
2019-02-08 10:12:01.9932 [DEBUG] Unity Version : 2018.2.15f1
2019-02-08 10:12:01.9942 [DEBUG] Pro License : False
2019-02-08 10:12:01.9952 [DEBUG] Platform : WindowsEditor
2019-02-08 10:12:01.9952 [DEBUG] Build Target : StandaloneWindows64
2019-02-08 10:12:01.9952 [DEBUG] Scene Fusion version : 1.8.2
2019-02-08 10:12:01.9952 [DEBUG] Scene Fusion client build : 0
2019-02-08 10:12:01.9952 [DEBUG] User : skyherojochempie@gmail.com
2019-02-08 10:12:01.9952 [DEBUG] Waiting for server response
2019-02-08 10:12:02.0799 [DEBUG] Tier: Scene Fusion Free, Permissions: 00001400
2019-02-08 10:12:02.0799 [DEBUG] User Permissions: FFFFFFFF
2019-02-08 10:12:02.1697 [DEBUG] No stand-in for UnityEngine.ProceduralMaterial
2019-02-08 10:12:02.1697 [DEBUG] No stand-in for UnityEngine.ProceduralTexture
2019-02-08 10:12:02.3170 [DEBUG] Loading complete
2019-02-08 10:12:14.2789 [DEBUG] Socket exception in read loop: ConnectionAborted An established connection was aborted by the software in your host machine.

2019-02-08 10:12:14.3772 [INFO] Disconnected from server.
2019-02-08 10:12:14.3772 [DEBUG] Disconnect. (Duration: 125)
