2019-02-08 10:13:46.0663 [DEBUG] Validating model...
2019-02-08 10:13:46.2687 [DEBUG] Model updated
2019-02-08 10:13:46.2687 [DEBUG] Authenticating with server...
2019-02-08 10:13:46.5278 [DEBUG] Connected to room. (90395:SceneFusion:SceneFusion)
2019-02-08 10:13:46.5288 [INFO] Connected to server.
2019-02-08 10:13:46.5288 [DEBUG] OS : Microsoft Windows NT 10.0.17134.0
2019-02-08 10:13:46.5288 [DEBUG] Unity Version : 2018.2.15f1
2019-02-08 10:13:46.5288 [DEBUG] Pro License : False
2019-02-08 10:13:46.5288 [DEBUG] Platform : WindowsEditor
2019-02-08 10:13:46.5288 [DEBUG] Build Target : StandaloneWindows64
2019-02-08 10:13:46.5288 [DEBUG] Scene Fusion version : 1.8.2
2019-02-08 10:13:46.5298 [DEBUG] Scene Fusion client build : 0
2019-02-08 10:13:46.5298 [DEBUG] User : skyherojochempie@gmail.com
2019-02-08 10:13:46.5298 [DEBUG] Waiting for server response
2019-02-08 10:13:46.5697 [DEBUG] Tier: Scene Fusion Free, Permissions: 00001400
2019-02-08 10:13:46.5697 [DEBUG] User Permissions: FFFFFFFF
2019-02-08 10:13:46.5707 [DEBUG] No stand-in for UnityEngine.ProceduralMaterial
2019-02-08 10:13:46.5707 [DEBUG] No stand-in for UnityEngine.ProceduralTexture
2019-02-08 10:13:47.3394 [DEBUG] Loading complete
2019-02-08 10:13:57.1718 [DEBUG] Disconnecting temporarily to recompile.
2019-02-08 10:13:57.1728 [DEBUG] Disconnecting from room (90395:SceneFusion:SceneFusion)
2019-02-08 10:13:57.1769 [INFO] Disconnected from server.
2019-02-08 10:13:57.1769 [DEBUG] Disconnect. (Duration: 10)
2019-02-08 10:14:08.4941 [DEBUG] Scene Fusion version 1.8.2-0
2019-02-08 10:14:10.1530 [DEBUG] Connecting
2019-02-08 10:14:10.2248 [DEBUG] Connecting to room (90395:SceneFusion:SceneFusion) via TCP at roommanager-ec2-52-12-117-140.kinematicsoup.com:21312
2019-02-08 10:14:10.2328 [DEBUG] Guest connection. (Session: 90395)
2019-02-08 10:14:10.4323 [DEBUG] Validating model...
2019-02-08 10:14:10.6318 [DEBUG] Model updated
2019-02-08 10:14:10.6318 [DEBUG] Authenticating with server...
2019-02-08 10:14:10.8712 [DEBUG] Connected to room. (90395:SceneFusion:SceneFusion)
2019-02-08 10:14:10.8791 [INFO] Connected to server.
2019-02-08 10:14:10.8802 [DEBUG] OS : Microsoft Windows NT 10.0.17134.0
2019-02-08 10:14:10.8802 [DEBUG] Unity Version : 2018.2.15f1
2019-02-08 10:14:10.8802 [DEBUG] Pro License : False
2019-02-08 10:14:10.8802 [DEBUG] Platform : WindowsEditor
2019-02-08 10:14:10.8802 [DEBUG] Build Target : StandaloneWindows64
2019-02-08 10:14:10.8802 [DEBUG] Scene Fusion version : 1.8.2
2019-02-08 10:14:10.8802 [DEBUG] Scene Fusion client build : 0
2019-02-08 10:14:10.8802 [DEBUG] User : skyherojochempie@gmail.com
2019-02-08 10:14:10.8802 [DEBUG] Waiting for server response
2019-02-08 10:14:11.0247 [DEBUG] Tier: Scene Fusion Free, Permissions: 00001400
2019-02-08 10:14:11.0247 [DEBUG] User Permissions: FFFFFFFF
2019-02-08 10:14:11.0996 [DEBUG] No stand-in for UnityEngine.ProceduralMaterial
2019-02-08 10:14:11.0996 [DEBUG] No stand-in for UnityEngine.ProceduralTexture
2019-02-08 10:14:11.2433 [DEBUG] Loading complete
2019-02-08 10:14:56.5019 [DEBUG] Disconnecting temporarily to recompile.
2019-02-08 10:14:56.5019 [DEBUG] Disconnecting from room (90395:SceneFusion:SceneFusion)
2019-02-08 10:14:56.5059 [INFO] Disconnected from server.
2019-02-08 10:14:56.5059 [DEBUG] Disconnect. (Duration: 69)
2019-02-08 10:15:03.1721 [DEBUG] Scene Fusion version 1.8.2-0
2019-02-08 10:15:03.5052 [DEBUG] Connecting
2019-02-08 10:15:03.8254 [DEBUG] Connecting to room (90395:SceneFusion:SceneFusion) via TCP at roommanager-ec2-52-12-117-140.kinematicsoup.com:21312
2019-02-08 10:15:03.8348 [DEBUG] Guest connection. (Session: 90395)
2019-02-08 10:15:03.8468 [DEBUG] Disconnecting temporarily to recompile.
2019-02-08 10:15:03.8498 [ERROR] NullReferenceException: Object reference not set to an instance of an object
KS.SceneFusion.Client.Editor.CoEditService.set_RejoinOnStart (Boolean value)
KS.SceneFusion.Client.Editor.CoEditService.Disconnect (Boolean rejoin)
KS.SceneFusion.Client.Editor.CoEditService.DisconnectTemporarilyToRecompile ()
KS.SceneFusion.Client.Editor.CoEditService.ConnectedUpdate ()
KS.SceneFusion.Client.Editor.CoEditService.Update ()
UnityEditor.EditorApplication.Internal_CallUpdateFunctions () (at C:/buildslave/unity/build/Editor/Mono/EditorApplication.cs:191)

2019-02-08 10:15:04.0228 [DEBUG] Validating model...
2019-02-08 10:15:04.0348 [DEBUG] Disconnecting temporarily to recompile.
2019-02-08 10:15:04.0358 [ERROR] NullReferenceException: Object reference not set to an instance of an object
KS.SceneFusion.Client.Editor.CoEditService.set_RejoinOnStart (Boolean value)
KS.SceneFusion.Client.Editor.CoEditService.Disconnect (Boolean rejoin)
KS.SceneFusion.Client.Editor.CoEditService.DisconnectTemporarilyToRecompile ()
KS.SceneFusion.Client.Editor.CoEditService.ConnectedUpdate ()
KS.SceneFusion.Client.Editor.CoEditService.Update ()
UnityEditor.EditorApplication.Internal_CallUpdateFunctions () (at C:/buildslave/unity/build/Editor/Mono/EditorApplication.cs:191)

2019-02-08 10:15:04.0528 [DEBUG] Disconnecting temporarily to recompile.
2019-02-08 10:15:04.0528 [ERROR] NullReferenceException: Object reference not set to an instance of an object
KS.SceneFusion.Client.Editor.CoEditService.set_RejoinOnStart (Boolean value)
KS.SceneFusion.Client.Editor.CoEditService.Disconnect (Boolean rejoin)
KS.SceneFusion.Client.Editor.CoEditService.DisconnectTemporarilyToRecompile ()
KS.SceneFusion.Client.Editor.CoEditService.ConnectedUpdate ()
KS.SceneFusion.Client.Editor.CoEditService.Update ()
UnityEditor.EditorApplication.Internal_CallUpdateFunctions () (at C:/buildslave/unity/build/Editor/Mono/EditorApplication.cs:191)

2019-02-08 10:15:04.0667 [DEBUG] Disconnecting temporarily to recompile.
2019-02-08 10:15:04.0677 [ERROR] NullReferenceException: Object reference not set to an instance of an object
KS.SceneFusion.Client.Editor.CoEditService.set_RejoinOnStart (Boolean value)
KS.SceneFusion.Client.Editor.CoEditService.Disconnect (Boolean rejoin)
KS.SceneFusion.Client.Editor.CoEditService.DisconnectTemporarilyToRecompile ()
KS.SceneFusion.Client.Editor.CoEditService.ConnectedUpdate ()
KS.SceneFusion.Client.Editor.CoEditService.Update ()
UnityEditor.EditorApplication.Internal_CallUpdateFunctions () (at C:/buildslave/unity/build/Editor/Mono/EditorApplication.cs:191)

2019-02-08 10:15:04.0727 [DEBUG] Disconnecting temporarily to recompile.
2019-02-08 10:15:04.0747 [ERROR] NullReferenceException: Object reference not set to an instance of an object
KS.SceneFusion.Client.Editor.CoEditService.set_RejoinOnStart (Boolean value)
KS.SceneFusion.Client.Editor.CoEditService.Disconnect (Boolean rejoin)
KS.SceneFusion.Client.Editor.CoEditService.DisconnectTemporarilyToRecompile ()
KS.SceneFusion.Client.Editor.CoEditService.ConnectedUpdate ()
KS.SceneFusion.Client.Editor.CoEditService.Update ()
UnityEditor.EditorApplication.Internal_CallUpdateFunctions () (at C:/buildslave/unity/build/Editor/Mono/EditorApplication.cs:191)

2019-02-08 10:15:04.0827 [DEBUG] Disconnecting temporarily to recompile.
2019-02-08 10:15:04.0827 [ERROR] NullReferenceException: Object reference not set to an instance of an object
KS.SceneFusion.Client.Editor.CoEditService.set_RejoinOnStart (Boolean value)
KS.SceneFusion.Client.Editor.CoEditService.Disconnect (Boolean rejoin)
KS.SceneFusion.Client.Editor.CoEditService.DisconnectTemporarilyToRecompile ()
KS.SceneFusion.Client.Editor.CoEditService.ConnectedUpdate ()
KS.SceneFusion.Client.Editor.CoEditService.Update ()
UnityEditor.EditorApplication.Internal_CallUpdateFunctions () (at C:/buildslave/unity/build/Editor/Mono/EditorApplication.cs:191)

2019-02-08 10:15:04.0877 [DEBUG] Disconnecting temporarily to recompile.
2019-02-08 10:15:04.0887 [ERROR] NullReferenceException: Object reference not set to an instance of an object
KS.SceneFusion.Client.Editor.CoEditService.set_RejoinOnStart (Boolean value)
KS.SceneFusion.Client.Editor.CoEditService.Disconnect (Boolean rejoin)
KS.SceneFusion.Client.Editor.CoEditService.DisconnectTemporarilyToRecompile ()
KS.SceneFusion.Client.Editor.CoEditService.ConnectedUpdate ()
KS.SceneFusion.Client.Editor.CoEditService.Update ()
UnityEditor.EditorApplication.Internal_CallUpdateFunctions () (at C:/buildslave/unity/build/Editor/Mono/EditorApplication.cs:191)

2019-02-08 10:15:04.0936 [DEBUG] Disconnecting temporarily to recompile.
2019-02-08 10:15:04.0956 [ERROR] NullReferenceException: Object reference not set to an instance of an object
KS.SceneFusion.Client.Editor.CoEditService.set_RejoinOnStart (Boolean value)
KS.SceneFusion.Client.Editor.CoEditService.Disconnect (Boolean rejoin)
KS.SceneFusion.Client.Editor.CoEditService.DisconnectTemporarilyToRecompile ()
KS.SceneFusion.Client.Editor.CoEditService.ConnectedUpdate ()
KS.SceneFusion.Client.Editor.CoEditService.Update ()
UnityEditor.EditorApplication.Internal_CallUpdateFunctions () (at C:/buildslave/unity/build/Editor/Mono/EditorApplication.cs:191)

2019-02-08 10:15:04.1006 [DEBUG] Disconnecting temporarily to recompile.
2019-02-08 10:15:04.1006 [ERROR] NullReferenceException: Object reference not set to an instance of an object
KS.SceneFusion.Client.Editor.CoEditService.set_RejoinOnStart (Boolean value)
KS.SceneFusion.Client.Editor.CoEditService.Disconnect (Boolean rejoin)
KS.SceneFusion.Client.Editor.CoEditService.DisconnectTemporarilyToRecompile ()
KS.SceneFusion.Client.Editor.CoEditService.ConnectedUpdate ()
KS.SceneFusion.Client.Editor.CoEditService.Update ()
UnityEditor.EditorApplication.Internal_CallUpdateFunctions () (at C:/buildslave/unity/build/Editor/Mono/EditorApplication.cs:191)

2019-02-08 10:15:04.1056 [DEBUG] Disconnecting temporarily to recompile.
2019-02-08 10:15:04.1056 [ERROR] NullReferenceException: Object reference not set to an instance of an object
KS.SceneFusion.Client.Editor.CoEditService.set_RejoinOnStart (Boolean value)
KS.SceneFusion.Client.Editor.CoEditService.Disconnect (Boolean rejoin)
KS.SceneFusion.Client.Editor.CoEditService.DisconnectTemporarilyToRecompile ()
KS.SceneFusion.Client.Editor.CoEditService.ConnectedUpdate ()
KS.SceneFusion.Client.Editor.CoEditService.Update ()
UnityEditor.EditorApplication.Internal_CallUpdateFunctions () (at C:/buildslave/unity/build/Editor/Mono/EditorApplication.cs:191)

2019-02-08 10:15:04.1126 [DEBUG] Disconnecting temporarily to recompile.
2019-02-08 10:15:04.1136 [ERROR] NullReferenceException: Object reference not set to an instance of an object
KS.SceneFusion.Client.Editor.CoEditService.set_RejoinOnStart (Boolean value)
KS.SceneFusion.Client.Editor.CoEditService.Disconnect (Boolean rejoin)
KS.SceneFusion.Client.Editor.CoEditService.DisconnectTemporarilyToRecompile ()
KS.SceneFusion.Client.Editor.CoEditService.ConnectedUpdate ()
KS.SceneFusion.Client.Editor.CoEditService.Update ()
UnityEditor.EditorApplication.Internal_CallUpdateFunctions () (at C:/buildslave/unity/build/Editor/Mono/EditorApplication.cs:191)

2019-02-08 10:15:04.1176 [DEBUG] Disconnecting temporarily to recompile.
2019-02-08 10:15:04.1186 [ERROR] NullReferenceException: Object reference not set to an instance of an object
KS.SceneFusion.Client.Editor.CoEditService.set_RejoinOnStart (Boolean value)
KS.SceneFusion.Client.Editor.CoEditService.Disconnect (Boolean rejoin)
KS.SceneFusion.Client.Editor.CoEditService.DisconnectTemporarilyToRecompile ()
KS.SceneFusion.Client.Editor.CoEditService.ConnectedUpdate ()
KS.SceneFusion.Client.Editor.CoEditService.Update ()
UnityEditor.EditorApplication.Internal_CallUpdateFunctions () (at C:/buildslave/unity/build/Editor/Mono/EditorApplication.cs:191)

2019-02-08 10:15:04.1236 [DEBUG] Disconnecting temporarily to recompile.
2019-02-08 10:15:04.1246 [ERROR] NullReferenceException: Object reference not set to an instance of an object
KS.SceneFusion.Client.Editor.CoEditService.set_RejoinOnStart (Boolean value)
KS.SceneFusion.Client.Editor.CoEditService.Disconnect (Boolean rejoin)
KS.SceneFusion.Client.Editor.CoEditService.DisconnectTemporarilyToRecompile ()
KS.SceneFusion.Client.Editor.CoEditService.ConnectedUpdate ()
KS.SceneFusion.Client.Editor.CoEditService.Update ()
UnityEditor.EditorApplication.Internal_CallUpdateFunctions () (at C:/buildslave/unity/build/Editor/Mono/EditorApplication.cs:191)

2019-02-08 10:15:04.1302 [DEBUG] Disconnecting temporarily to recompile.
2019-02-08 10:15:04.1302 [ERROR] NullReferenceException: Object reference not set to an instance of an object
KS.SceneFusion.Client.Editor.CoEditService.set_RejoinOnStart (Boolean value)
KS.SceneFusion.Client.Editor.CoEditService.Disconnect (Boolean rejoin)
KS.SceneFusion.Client.Editor.CoEditService.DisconnectTemporarilyToRecompile ()
KS.SceneFusion.Client.Editor.CoEditService.ConnectedUpdate ()
KS.SceneFusion.Client.Editor.CoEditService.Update ()
UnityEditor.EditorApplication.Internal_CallUpdateFunctions () (at C:/buildslave/unity/build/Editor/Mono/EditorApplication.cs:191)

2019-02-08 10:15:04.1362 [DEBUG] Disconnecting temporarily to recompile.
2019-02-08 10:15:04.1362 [ERROR] NullReferenceException: Object reference not set to an instance of an object
KS.SceneFusion.Client.Editor.CoEditService.set_RejoinOnStart (Boolean value)
KS.SceneFusion.Client.Editor.CoEditService.Disconnect (Boolean rejoin)
KS.SceneFusion.Client.Editor.CoEditService.DisconnectTemporarilyToRecompile ()
KS.SceneFusion.Client.Editor.CoEditService.ConnectedUpdate ()
KS.SceneFusion.Client.Editor.CoEditService.Update ()
UnityEditor.EditorApplication.Internal_CallUpdateFunctions () (at C:/buildslave/unity/build/Editor/Mono/EditorApplication.cs:191)

2019-02-08 10:15:04.1411 [DEBUG] Disconnecting temporarily to recompile.
2019-02-08 10:15:04.1422 [ERROR] NullReferenceException: Object reference not set to an instance of an object
KS.SceneFusion.Client.Editor.CoEditService.set_RejoinOnStart (Boolean value)
KS.SceneFusion.Client.Editor.CoEditService.Disconnect (Boolean rejoin)
KS.SceneFusion.Client.Editor.CoEditService.DisconnectTemporarilyToRecompile ()
KS.SceneFusion.Client.Editor.CoEditService.ConnectedUpdate ()
KS.SceneFusion.Client.Editor.CoEditService.Update ()
UnityEditor.EditorApplication.Internal_CallUpdateFunctions () (at C:/buildslave/unity/build/Editor/Mono/EditorApplication.cs:191)

2019-02-08 10:15:04.1491 [DEBUG] Disconnecting temporarily to recompile.
2019-02-08 10:15:04.1491 [ERROR] NullReferenceException: Object reference not set to an instance of an object
KS.SceneFusion.Client.Editor.CoEditService.set_RejoinOnStart (Boolean value)
KS.SceneFusion.Client.Editor.CoEditService.Disconnect (Boolean rejoin)
KS.SceneFusion.Client.Editor.CoEditService.DisconnectTemporarilyToRecompile ()
KS.SceneFusion.Client.Editor.CoEditService.ConnectedUpdate ()
KS.SceneFusion.Client.Editor.CoEditService.Update ()
UnityEditor.EditorApplication.Internal_CallUpdateFunctions () (at C:/buildslave/unity/build/Editor/Mono/EditorApplication.cs:191)

2019-02-08 10:15:04.1541 [DEBUG] Disconnecting temporarily to recompile.
2019-02-08 10:15:04.1551 [ERROR] NullReferenceException: Object reference not set to an instance of an object
KS.SceneFusion.Client.Editor.CoEditService.set_RejoinOnStart (Boolean value)
KS.SceneFusion.Client.Editor.CoEditService.Disconnect (Boolean rejoin)
KS.SceneFusion.Client.Editor.CoEditService.DisconnectTemporarilyToRecompile ()
KS.SceneFusion.Client.Editor.CoEditService.ConnectedUpdate ()
KS.SceneFusion.Client.Editor.CoEditService.Update ()
UnityEditor.EditorApplication.Internal_CallUpdateFunctions () (at C:/buildslave/unity/build/Editor/Mono/EditorApplication.cs:191)

2019-02-08 10:15:04.1601 [DEBUG] Disconnecting temporarily to recompile.
2019-02-08 10:15:04.1611 [ERROR] NullReferenceException: Object reference not set to an instance of an object
KS.SceneFusion.Client.Editor.CoEditService.set_RejoinOnStart (Boolean value)
KS.SceneFusion.Client.Editor.CoEditService.Disconnect (Boolean rejoin)
KS.SceneFusion.Client.Editor.CoEditService.DisconnectTemporarilyToRecompile ()
KS.SceneFusion.Client.Editor.CoEditService.ConnectedUpdate ()
KS.SceneFusion.Client.Editor.CoEditService.Update ()
UnityEditor.EditorApplication.Internal_CallUpdateFunctions () (at C:/buildslave/unity/build/Editor/Mono/EditorApplication.cs:191)

2019-02-08 10:15:04.1661 [DEBUG] Disconnecting temporarily to recompile.
2019-02-08 10:15:04.1671 [ERROR] NullReferenceException: Object reference not set to an instance of an object
KS.SceneFusion.Client.Editor.CoEditService.set_RejoinOnStart (Boolean value)
KS.SceneFusion.Client.Editor.CoEditService.Disconnect (Boolean rejoin)
KS.SceneFusion.Client.Editor.CoEditService.DisconnectTemporarilyToRecompile ()
KS.SceneFusion.Client.Editor.CoEditService.ConnectedUpdate ()
KS.SceneFusion.Client.Editor.CoEditService.Update ()
UnityEditor.EditorApplication.Internal_CallUpdateFunctions () (at C:/buildslave/unity/build/Editor/Mono/EditorApplication.cs:191)

2019-02-08 10:15:04.1721 [DEBUG] Disconnecting temporarily to recompile.
2019-02-08 10:15:04.1731 [ERROR] NullReferenceException: Object reference not set to an instance of an object
KS.SceneFusion.Client.Editor.CoEditService.set_RejoinOnStart (Boolean value)
KS.SceneFusion.Client.Editor.CoEditService.Disconnect (Boolean rejoin)
KS.SceneFusion.Client.Editor.CoEditService.DisconnectTemporarilyToRecompile ()
KS.SceneFusion.Client.Editor.CoEditService.ConnectedUpdate ()
KS.SceneFusion.Client.Editor.CoEditService.Update ()
UnityEditor.EditorApplication.Internal_CallUpdateFunctions () (at C:/buildslave/unity/build/Editor/Mono/EditorApplication.cs:191)

2019-02-08 10:15:04.1770 [DEBUG] Disconnecting temporarily to recompile.
2019-02-08 10:15:04.1781 [ERROR] NullReferenceException: Object reference not set to an instance of an object
KS.SceneFusion.Client.Editor.CoEditService.set_RejoinOnStart (Boolean value)
KS.SceneFusion.Client.Editor.CoEditService.Disconnect (Boolean rejoin)
KS.SceneFusion.Client.Editor.CoEditService.DisconnectTemporarilyToRecompile ()
KS.SceneFusion.Client.Editor.CoEditService.ConnectedUpdate ()
KS.SceneFusion.Client.Editor.CoEditService.Update ()
UnityEditor.EditorApplication.Internal_CallUpdateFunctions () (at C:/buildslave/unity/build/Editor/Mono/EditorApplication.cs:191)

2019-02-08 10:15:04.1830 [DEBUG] Disconnecting temporarily to recompile.
2019-02-08 10:15:04.1830 [ERROR] NullReferenceException: Object reference not set to an instance of an object
KS.SceneFusion.Client.Editor.CoEditService.set_RejoinOnStart (Boolean value)
KS.SceneFusion.Client.Editor.CoEditService.Disconnect (Boolean rejoin)
KS.SceneFusion.Client.Editor.CoEditService.DisconnectTemporarilyToRecompile ()
KS.SceneFusion.Client.Editor.CoEditService.ConnectedUpdate ()
KS.SceneFusion.Client.Editor.CoEditService.Update ()
UnityEditor.EditorApplication.Internal_CallUpdateFunctions () (at C:/buildslave/unity/build/Editor/Mono/EditorApplication.cs:191)

2019-02-08 10:15:04.1880 [DEBUG] Disconnecting temporarily to recompile.
2019-02-08 10:15:04.1890 [ERROR] NullReferenceException: Object reference not set to an instance of an object
KS.SceneFusion.Client.Editor.CoEditService.set_RejoinOnStart (Boolean value)
KS.SceneFusion.Client.Editor.CoEditService.Disconnect (Boolean rejoin)
KS.SceneFusion.Client.Editor.CoEditService.DisconnectTemporarilyToRecompile ()
KS.SceneFusion.Client.Editor.CoEditService.ConnectedUpdate ()
KS.SceneFusion.Client.Editor.CoEditService.Update ()
UnityEditor.EditorApplication.Internal_CallUpdateFunctions () (at C:/buildslave/unity/build/Editor/Mono/EditorApplication.cs:191)

2019-02-08 10:15:04.1940 [DEBUG] Disconnecting temporarily to recompile.
2019-02-08 10:15:04.1950 [ERROR] NullReferenceException: Object reference not set to an instance of an object
KS.SceneFusion.Client.Editor.CoEditService.set_RejoinOnStart (Boolean value)
KS.SceneFusion.Client.Editor.CoEditService.Disconnect (Boolean rejoin)
KS.SceneFusion.Client.Editor.CoEditService.DisconnectTemporarilyToRecompile ()
KS.SceneFusion.Client.Editor.CoEditService.ConnectedUpdate ()
KS.SceneFusion.Client.Editor.CoEditService.Update ()
UnityEditor.EditorApplication.Internal_CallUpdateFunctions () (at C:/buildslave/unity/build/Editor/Mono/EditorApplication.cs:191)

2019-02-08 10:15:04.2000 [DEBUG] Disconnecting temporarily to recompile.
2019-02-08 10:15:04.2010 [ERROR] NullReferenceException: Object reference not set to an instance of an object
KS.SceneFusion.Client.Editor.CoEditService.set_RejoinOnStart (Boolean value)
KS.SceneFusion.Client.Editor.CoEditService.Disconnect (Boolean rejoin)
KS.SceneFusion.Client.Editor.CoEditService.DisconnectTemporarilyToRecompile ()
KS.SceneFusion.Client.Editor.CoEditService.ConnectedUpdate ()
KS.SceneFusion.Client.Editor.CoEditService.Update ()
UnityEditor.EditorApplication.Internal_CallUpdateFunctions () (at C:/buildslave/unity/build/Editor/Mono/EditorApplication.cs:191)

2019-02-08 10:15:04.2050 [DEBUG] Disconnecting temporarily to recompile.
2019-02-08 10:15:04.2060 [ERROR] NullReferenceException: Object reference not set to an instance of an object
KS.SceneFusion.Client.Editor.CoEditService.set_RejoinOnStart (Boolean value)
KS.SceneFusion.Client.Editor.CoEditService.Disconnect (Boolean rejoin)
KS.SceneFusion.Client.Editor.CoEditService.DisconnectTemporarilyToRecompile ()
KS.SceneFusion.Client.Editor.CoEditService.ConnectedUpdate ()
KS.SceneFusion.Client.Editor.CoEditService.Update ()
UnityEditor.EditorApplication.Internal_CallUpdateFunctions () (at C:/buildslave/unity/build/Editor/Mono/EditorApplication.cs:191)

2019-02-08 10:15:04.2100 [DEBUG] Disconnecting temporarily to recompile.
2019-02-08 10:15:04.2110 [ERROR] NullReferenceException: Object reference not set to an instance of an object
KS.SceneFusion.Client.Editor.CoEditService.set_RejoinOnStart (Boolean value)
KS.SceneFusion.Client.Editor.CoEditService.Disconnect (Boolean rejoin)
KS.SceneFusion.Client.Editor.CoEditService.DisconnectTemporarilyToRecompile ()
KS.SceneFusion.Client.Editor.CoEditService.ConnectedUpdate ()
KS.SceneFusion.Client.Editor.CoEditService.Update ()
UnityEditor.EditorApplication.Internal_CallUpdateFunctions () (at C:/buildslave/unity/build/Editor/Mono/EditorApplication.cs:191)

2019-02-08 10:15:04.2129 [DEBUG] Model updated
2019-02-08 10:15:04.2139 [DEBUG] Authenticating with server...
2019-02-08 10:15:04.2159 [DEBUG] Disconnecting temporarily to recompile.
2019-02-08 10:15:04.2169 [ERROR] NullReferenceException: Object reference not set to an instance of an object
KS.SceneFusion.Client.Editor.CoEditService.set_RejoinOnStart (Boolean value)
KS.SceneFusion.Client.Editor.CoEditService.Disconnect (Boolean rejoin)
KS.SceneFusion.Client.Editor.CoEditService.DisconnectTemporarilyToRecompile ()
KS.SceneFusion.Client.Editor.CoEditService.ConnectedUpdate ()
KS.SceneFusion.Client.Editor.CoEditService.Update ()
UnityEditor.EditorApplication.Internal_CallUpdateFunctions () (at C:/buildslave/unity/build/Editor/Mono/EditorApplication.cs:191)

2019-02-08 10:15:04.2219 [DEBUG] Disconnecting temporarily to recompile.
2019-02-08 10:15:04.2229 [ERROR] NullReferenceException: Object reference not set to an instance of an object
KS.SceneFusion.Client.Editor.CoEditService.set_RejoinOnStart (Boolean value)
KS.SceneFusion.Client.Editor.CoEditService.Disconnect (Boolean rejoin)
KS.SceneFusion.Client.Editor.CoEditService.DisconnectTemporarilyToRecompile ()
KS.SceneFusion.Client.Editor.CoEditService.ConnectedUpdate ()
KS.SceneFusion.Client.Editor.CoEditService.Update ()
UnityEditor.EditorApplication.Internal_CallUpdateFunctions () (at C:/buildslave/unity/build/Editor/Mono/EditorApplication.cs:191)

2019-02-08 10:15:04.2289 [DEBUG] Disconnecting temporarily to recompile.
2019-02-08 10:15:04.2299 [ERROR] NullReferenceException: Object reference not set to an instance of an object
KS.SceneFusion.Client.Editor.CoEditService.set_RejoinOnStart (Boolean value)
KS.SceneFusion.Client.Editor.CoEditService.Disconnect (Boolean rejoin)
KS.SceneFusion.Client.Editor.CoEditService.DisconnectTemporarilyToRecompile ()
KS.SceneFusion.Client.Editor.CoEditService.ConnectedUpdate ()
KS.SceneFusion.Client.Editor.CoEditService.Update ()
UnityEditor.EditorApplication.Internal_CallUpdateFunctions () (at C:/buildslave/unity/build/Editor/Mono/EditorApplication.cs:191)

2019-02-08 10:15:04.2339 [DEBUG] Disconnecting temporarily to recompile.
2019-02-08 10:15:04.2349 [ERROR] NullReferenceException: Object reference not set to an instance of an object
KS.SceneFusion.Client.Editor.CoEditService.set_RejoinOnStart (Boolean value)
KS.SceneFusion.Client.Editor.CoEditService.Disconnect (Boolean rejoin)
KS.SceneFusion.Client.Editor.CoEditService.DisconnectTemporarilyToRecompile ()
KS.SceneFusion.Client.Editor.CoEditService.ConnectedUpdate ()
KS.SceneFusion.Client.Editor.CoEditService.Update ()
UnityEditor.EditorApplication.Internal_CallUpdateFunctions () (at C:/buildslave/unity/build/Editor/Mono/EditorApplication.cs:191)

2019-02-08 10:15:04.2399 [DEBUG] Disconnecting temporarily to recompile.
2019-02-08 10:15:04.2409 [ERROR] NullReferenceException: Object reference not set to an instance of an object
KS.SceneFusion.Client.Editor.CoEditService.set_RejoinOnStart (Boolean value)
KS.SceneFusion.Client.Editor.CoEditService.Disconnect (Boolean rejoin)
KS.SceneFusion.Client.Editor.CoEditService.DisconnectTemporarilyToRecompile ()
KS.SceneFusion.Client.Editor.CoEditService.ConnectedUpdate ()
KS.SceneFusion.Client.Editor.CoEditService.Update ()
UnityEditor.EditorApplication.Internal_CallUpdateFunctions () (at C:/buildslave/unity/build/Editor/Mono/EditorApplication.cs:191)

2019-02-08 10:15:04.2469 [DEBUG] Disconnecting temporarily to recompile.
2019-02-08 10:15:04.2479 [ERROR] NullReferenceException: Object reference not set to an instance of an object
KS.SceneFusion.Client.Editor.CoEditService.set_RejoinOnStart (Boolean value)
KS.SceneFusion.Client.Editor.CoEditService.Disconnect (Boolean rejoin)
KS.SceneFusion.Client.Editor.CoEditService.DisconnectTemporarilyToRecompile ()
KS.SceneFusion.Client.Editor.CoEditService.ConnectedUpdate ()
KS.SceneFusion.Client.Editor.CoEditService.Update ()
UnityEditor.EditorApplication.Internal_CallUpdateFunctions () (at C:/buildslave/unity/build/Editor/Mono/EditorApplication.cs:191)

2019-02-08 10:15:04.2528 [DEBUG] Disconnecting temporarily to recompile.
2019-02-08 10:15:04.2528 [ERROR] NullReferenceException: Object reference not set to an instance of an object
KS.SceneFusion.Client.Editor.CoEditService.set_RejoinOnStart (Boolean value)
KS.SceneFusion.Client.Editor.CoEditService.Disconnect (Boolean rejoin)
KS.SceneFusion.Client.Editor.CoEditService.DisconnectTemporarilyToRecompile ()
KS.SceneFusion.Client.Editor.CoEditService.ConnectedUpdate ()
KS.SceneFusion.Client.Editor.CoEditService.Update ()
UnityEditor.EditorApplication.Internal_CallUpdateFunctions () (at C:/buildslave/unity/build/Editor/Mono/EditorApplication.cs:191)

2019-02-08 10:15:04.2578 [DEBUG] Disconnecting temporarily to recompile.
2019-02-08 10:15:04.2588 [ERROR] NullReferenceException: Object reference not set to an instance of an object
KS.SceneFusion.Client.Editor.CoEditService.set_RejoinOnStart (Boolean value)
KS.SceneFusion.Client.Editor.CoEditService.Disconnect (Boolean rejoin)
KS.SceneFusion.Client.Editor.CoEditService.DisconnectTemporarilyToRecompile ()
KS.SceneFusion.Client.Editor.CoEditService.ConnectedUpdate ()
KS.SceneFusion.Client.Editor.CoEditService.Update ()
UnityEditor.EditorApplication.Internal_CallUpdateFunctions () (at C:/buildslave/unity/build/Editor/Mono/EditorApplication.cs:191)

2019-02-08 10:15:04.2658 [DEBUG] Disconnecting temporarily to recompile.
2019-02-08 10:15:04.2668 [ERROR] NullReferenceException: Object reference not set to an instance of an object
KS.SceneFusion.Client.Editor.CoEditService.set_RejoinOnStart (Boolean value)
KS.SceneFusion.Client.Editor.CoEditService.Disconnect (Boolean rejoin)
KS.SceneFusion.Client.Editor.CoEditService.DisconnectTemporarilyToRecompile ()
KS.SceneFusion.Client.Editor.CoEditService.ConnectedUpdate ()
KS.SceneFusion.Client.Editor.CoEditService.Update ()
UnityEditor.EditorApplication.Internal_CallUpdateFunctions () (at C:/buildslave/unity/build/Editor/Mono/EditorApplication.cs:191)

2019-02-08 10:15:04.2708 [DEBUG] Disconnecting temporarily to recompile.
2019-02-08 10:15:04.2708 [ERROR] NullReferenceException: Object reference not set to an instance of an object
KS.SceneFusion.Client.Editor.CoEditService.set_RejoinOnStart (Boolean value)
KS.SceneFusion.Client.Editor.CoEditService.Disconnect (Boolean rejoin)
KS.SceneFusion.Client.Editor.CoEditService.DisconnectTemporarilyToRecompile ()
KS.SceneFusion.Client.Editor.CoEditService.ConnectedUpdate ()
KS.SceneFusion.Client.Editor.CoEditService.Update ()
UnityEditor.EditorApplication.Internal_CallUpdateFunctions () (at C:/buildslave/unity/build/Editor/Mono/EditorApplication.cs:191)

2019-02-08 10:15:04.2758 [DEBUG] Disconnecting temporarily to recompile.
2019-02-08 10:15:04.2768 [ERROR] NullReferenceException: Object reference not set to an instance of an object
KS.SceneFusion.Client.Editor.CoEditService.set_RejoinOnStart (Boolean value)
KS.SceneFusion.Client.Editor.CoEditService.Disconnect (Boolean rejoin)
KS.SceneFusion.Client.Editor.CoEditService.DisconnectTemporarilyToRecompile ()
KS.SceneFusion.Client.Editor.CoEditService.ConnectedUpdate ()
KS.SceneFusion.Client.Editor.CoEditService.Update ()
UnityEditor.EditorApplication.Internal_CallUpdateFunctions () (at C:/buildslave/unity/build/Editor/Mono/EditorApplication.cs:191)

2019-02-08 10:15:04.2838 [DEBUG] Disconnecting temporarily to recompile.
2019-02-08 10:15:04.2838 [ERROR] NullReferenceException: Object reference not set to an instance of an object
KS.SceneFusion.Client.Editor.CoEditService.set_RejoinOnStart (Boolean value)
KS.SceneFusion.Client.Editor.CoEditService.Disconnect (Boolean rejoin)
KS.SceneFusion.Client.Editor.CoEditService.DisconnectTemporarilyToRecompile ()
KS.SceneFusion.Client.Editor.CoEditService.ConnectedUpdate ()
KS.SceneFusion.Client.Editor.CoEditService.Update ()
UnityEditor.EditorApplication.Internal_CallUpdateFunctions () (at C:/buildslave/unity/build/Editor/Mono/EditorApplication.cs:191)

2019-02-08 10:15:04.2887 [DEBUG] Disconnecting temporarily to recompile.
2019-02-08 10:15:04.2887 [ERROR] NullReferenceException: Object reference not set to an instance of an object
KS.SceneFusion.Client.Editor.CoEditService.set_RejoinOnStart (Boolean value)
KS.SceneFusion.Client.Editor.CoEditService.Disconnect (Boolean rejoin)
KS.SceneFusion.Client.Editor.CoEditService.DisconnectTemporarilyToRecompile ()
KS.SceneFusion.Client.Editor.CoEditService.ConnectedUpdate ()
KS.SceneFusion.Client.Editor.CoEditService.Update ()
UnityEditor.EditorApplication.Internal_CallUpdateFunctions () (at C:/buildslave/unity/build/Editor/Mono/EditorApplication.cs:191)

2019-02-08 10:15:04.2957 [DEBUG] Disconnecting temporarily to recompile.
2019-02-08 10:15:04.2967 [ERROR] NullReferenceException: Object reference not set to an instance of an object
KS.SceneFusion.Client.Editor.CoEditService.set_RejoinOnStart (Boolean value)
KS.SceneFusion.Client.Editor.CoEditService.Disconnect (Boolean rejoin)
KS.SceneFusion.Client.Editor.CoEditService.DisconnectTemporarilyToRecompile ()
KS.SceneFusion.Client.Editor.CoEditService.ConnectedUpdate ()
KS.SceneFusion.Client.Editor.CoEditService.Update ()
UnityEditor.EditorApplication.Internal_CallUpdateFunctions () (at C:/buildslave/unity/build/Editor/Mono/EditorApplication.cs:191)

2019-02-08 10:15:04.3017 [DEBUG] Disconnecting temporarily to recompile.
2019-02-08 10:15:04.3017 [ERROR] NullReferenceException: Object reference not set to an instance of an object
KS.SceneFusion.Client.Editor.CoEditService.set_RejoinOnStart (Boolean value)
KS.SceneFusion.Client.Editor.CoEditService.Disconnect (Boolean rejoin)
KS.SceneFusion.Client.Editor.CoEditService.DisconnectTemporarilyToRecompile ()
KS.SceneFusion.Client.Editor.CoEditService.ConnectedUpdate ()
KS.SceneFusion.Client.Editor.CoEditService.Update ()
UnityEditor.EditorApplication.Internal_CallUpdateFunctions () (at C:/buildslave/unity/build/Editor/Mono/EditorApplication.cs:191)

2019-02-08 10:15:04.3057 [DEBUG] Disconnecting temporarily to recompile.
2019-02-08 10:15:04.3067 [ERROR] NullReferenceException: Object reference not set to an instance of an object
KS.SceneFusion.Client.Editor.CoEditService.set_RejoinOnStart (Boolean value)
KS.SceneFusion.Client.Editor.CoEditService.Disconnect (Boolean rejoin)
KS.SceneFusion.Client.Editor.CoEditService.DisconnectTemporarilyToRecompile ()
KS.SceneFusion.Client.Editor.CoEditService.ConnectedUpdate ()
KS.SceneFusion.Client.Editor.CoEditService.Update ()
UnityEditor.EditorApplication.Internal_CallUpdateFunctions () (at C:/buildslave/unity/build/Editor/Mono/EditorApplication.cs:191)

2019-02-08 10:15:04.3137 [DEBUG] Disconnecting temporarily to recompile.
2019-02-08 10:15:04.3147 [ERROR] NullReferenceException: Object reference not set to an instance of an object
KS.SceneFusion.Client.Editor.CoEditService.set_RejoinOnStart (Boolean value)
KS.SceneFusion.Client.Editor.CoEditService.Disconnect (Boolean rejoin)
KS.SceneFusion.Client.Editor.CoEditService.DisconnectTemporarilyToRecompile ()
KS.SceneFusion.Client.Editor.CoEditService.ConnectedUpdate ()
KS.SceneFusion.Client.Editor.CoEditService.Update ()
UnityEditor.EditorApplication.Internal_CallUpdateFunctions () (at C:/buildslave/unity/build/Editor/Mono/EditorApplication.cs:191)

2019-02-08 10:15:04.3197 [DEBUG] Disconnecting temporarily to recompile.
2019-02-08 10:15:04.3197 [ERROR] NullReferenceException: Object reference not set to an instance of an object
KS.SceneFusion.Client.Editor.CoEditService.set_RejoinOnStart (Boolean value)
KS.SceneFusion.Client.Editor.CoEditService.Disconnect (Boolean rejoin)
KS.SceneFusion.Client.Editor.CoEditService.DisconnectTemporarilyToRecompile ()
KS.SceneFusion.Client.Editor.CoEditService.ConnectedUpdate ()
KS.SceneFusion.Client.Editor.CoEditService.Update ()
UnityEditor.EditorApplication.Internal_CallUpdateFunctions () (at C:/buildslave/unity/build/Editor/Mono/EditorApplication.cs:191)

2019-02-08 10:15:04.3237 [DEBUG] Disconnecting temporarily to recompile.
2019-02-08 10:15:04.3246 [ERROR] NullReferenceException: Object reference not set to an instance of an object
KS.SceneFusion.Client.Editor.CoEditService.set_RejoinOnStart (Boolean value)
KS.SceneFusion.Client.Editor.CoEditService.Disconnect (Boolean rejoin)
KS.SceneFusion.Client.Editor.CoEditService.DisconnectTemporarilyToRecompile ()
KS.SceneFusion.Client.Editor.CoEditService.ConnectedUpdate ()
KS.SceneFusion.Client.Editor.CoEditService.Update ()
UnityEditor.EditorApplication.Internal_CallUpdateFunctions () (at C:/buildslave/unity/build/Editor/Mono/EditorApplication.cs:191)

2019-02-08 10:15:04.3302 [DEBUG] Disconnecting temporarily to recompile.
2019-02-08 10:15:04.3302 [ERROR] NullReferenceException: Object reference not set to an instance of an object
KS.SceneFusion.Client.Editor.CoEditService.set_RejoinOnStart (Boolean value)
KS.SceneFusion.Client.Editor.CoEditService.Disconnect (Boolean rejoin)
KS.SceneFusion.Client.Editor.CoEditService.DisconnectTemporarilyToRecompile ()
KS.SceneFusion.Client.Editor.CoEditService.ConnectedUpdate ()
KS.SceneFusion.Client.Editor.CoEditService.Update ()
UnityEditor.EditorApplication.Internal_CallUpdateFunctions () (at C:/buildslave/unity/build/Editor/Mono/EditorApplication.cs:191)

2019-02-08 10:15:04.3352 [DEBUG] Disconnecting temporarily to recompile.
2019-02-08 10:15:04.3352 [ERROR] NullReferenceException: Object reference not set to an instance of an object
KS.SceneFusion.Client.Editor.CoEditService.set_RejoinOnStart (Boolean value)
KS.SceneFusion.Client.Editor.CoEditService.Disconnect (Boolean rejoin)
KS.SceneFusion.Client.Editor.CoEditService.DisconnectTemporarilyToRecompile ()
KS.SceneFusion.Client.Editor.CoEditService.ConnectedUpdate ()
KS.SceneFusion.Client.Editor.CoEditService.Update ()
UnityEditor.EditorApplication.Internal_CallUpdateFunctions () (at C:/buildslave/unity/build/Editor/Mono/EditorApplication.cs:191)

2019-02-08 10:15:04.3401 [DEBUG] Disconnecting temporarily to recompile.
2019-02-08 10:15:04.3401 [ERROR] NullReferenceException: Object reference not set to an instance of an object
KS.SceneFusion.Client.Editor.CoEditService.set_RejoinOnStart (Boolean value)
KS.SceneFusion.Client.Editor.CoEditService.Disconnect (Boolean rejoin)
KS.SceneFusion.Client.Editor.CoEditService.DisconnectTemporarilyToRecompile ()
KS.SceneFusion.Client.Editor.CoEditService.ConnectedUpdate ()
KS.SceneFusion.Client.Editor.CoEditService.Update ()
UnityEditor.EditorApplication.Internal_CallUpdateFunctions () (at C:/buildslave/unity/build/Editor/Mono/EditorApplication.cs:191)

2019-02-08 10:15:04.3461 [DEBUG] Disconnecting temporarily to recompile.
2019-02-08 10:15:04.3471 [ERROR] NullReferenceException: Object reference not set to an instance of an object
KS.SceneFusion.Client.Editor.CoEditService.set_RejoinOnStart (Boolean value)
KS.SceneFusion.Client.Editor.CoEditService.Disconnect (Boolean rejoin)
KS.SceneFusion.Client.Editor.CoEditService.DisconnectTemporarilyToRecompile ()
KS.SceneFusion.Client.Editor.CoEditService.ConnectedUpdate ()
KS.SceneFusion.Client.Editor.CoEditService.Update ()
UnityEditor.EditorApplication.Internal_CallUpdateFunctions () (at C:/buildslave/unity/build/Editor/Mono/EditorApplication.cs:191)

2019-02-08 10:15:04.3511 [DEBUG] Disconnecting temporarily to recompile.
2019-02-08 10:15:04.3511 [ERROR] NullReferenceException: Object reference not set to an instance of an object
KS.SceneFusion.Client.Editor.CoEditService.set_RejoinOnStart (Boolean value)
KS.SceneFusion.Client.Editor.CoEditService.Disconnect (Boolean rejoin)
KS.SceneFusion.Client.Editor.CoEditService.DisconnectTemporarilyToRecompile ()
KS.SceneFusion.Client.Editor.CoEditService.ConnectedUpdate ()
KS.SceneFusion.Client.Editor.CoEditService.Update ()
UnityEditor.EditorApplication.Internal_CallUpdateFunctions () (at C:/buildslave/unity/build/Editor/Mono/EditorApplication.cs:191)

2019-02-08 10:15:04.3561 [DEBUG] Disconnecting temporarily to recompile.
2019-02-08 10:15:04.3571 [ERROR] NullReferenceException: Object reference not set to an instance of an object
KS.SceneFusion.Client.Editor.CoEditService.set_RejoinOnStart (Boolean value)
KS.SceneFusion.Client.Editor.CoEditService.Disconnect (Boolean rejoin)
KS.SceneFusion.Client.Editor.CoEditService.DisconnectTemporarilyToRecompile ()
KS.SceneFusion.Client.Editor.CoEditService.ConnectedUpdate ()
KS.SceneFusion.Client.Editor.CoEditService.Update ()
UnityEditor.EditorApplication.Internal_CallUpdateFunctions () (at C:/buildslave/unity/build/Editor/Mono/EditorApplication.cs:191)

2019-02-08 10:15:04.3621 [DEBUG] Disconnecting temporarily to recompile.
2019-02-08 10:15:04.3631 [ERROR] NullReferenceException: Object reference not set to an instance of an object
KS.SceneFusion.Client.Editor.CoEditService.set_RejoinOnStart (Boolean value)
KS.SceneFusion.Client.Editor.CoEditService.Disconnect (Boolean rejoin)
KS.SceneFusion.Client.Editor.CoEditService.DisconnectTemporarilyToRecompile ()
KS.SceneFusion.Client.Editor.CoEditService.ConnectedUpdate ()
KS.SceneFusion.Client.Editor.CoEditService.Update ()
UnityEditor.EditorApplication.Internal_CallUpdateFunctions () (at C:/buildslave/unity/build/Editor/Mono/EditorApplication.cs:191)

2019-02-08 10:15:04.3671 [DEBUG] Disconnecting temporarily to recompile.
2019-02-08 10:15:04.3671 [ERROR] NullReferenceException: Object reference not set to an instance of an object
KS.SceneFusion.Client.Editor.CoEditService.set_RejoinOnStart (Boolean value)
KS.SceneFusion.Client.Editor.CoEditService.Disconnect (Boolean rejoin)
KS.SceneFusion.Client.Editor.CoEditService.DisconnectTemporarilyToRecompile ()
KS.SceneFusion.Client.Editor.CoEditService.ConnectedUpdate ()
KS.SceneFusion.Client.Editor.CoEditService.Update ()
UnityEditor.EditorApplication.Internal_CallUpdateFunctions () (at C:/buildslave/unity/build/Editor/Mono/EditorApplication.cs:191)

2019-02-08 10:15:04.3711 [DEBUG] Disconnecting temporarily to recompile.
2019-02-08 10:15:04.3721 [ERROR] NullReferenceException: Object reference not set to an instance of an object
KS.SceneFusion.Client.Editor.CoEditService.set_RejoinOnStart (Boolean value)
KS.SceneFusion.Client.Editor.CoEditService.Disconnect (Boolean rejoin)
KS.SceneFusion.Client.Editor.CoEditService.DisconnectTemporarilyToRecompile ()
KS.SceneFusion.Client.Editor.CoEditService.ConnectedUpdate ()
KS.SceneFusion.Client.Editor.CoEditService.Update ()
UnityEditor.EditorApplication.Internal_CallUpdateFunctions () (at C:/buildslave/unity/build/Editor/Mono/EditorApplication.cs:191)

2019-02-08 10:15:04.3780 [DEBUG] Disconnecting temporarily to recompile.
2019-02-08 10:15:04.3790 [ERROR] NullReferenceException: Object reference not set to an instance of an object
KS.SceneFusion.Client.Editor.CoEditService.set_RejoinOnStart (Boolean value)
KS.SceneFusion.Client.Editor.CoEditService.Disconnect (Boolean rejoin)
KS.SceneFusion.Client.Editor.CoEditService.DisconnectTemporarilyToRecompile ()
KS.SceneFusion.Client.Editor.CoEditService.ConnectedUpdate ()
KS.SceneFusion.Client.Editor.CoEditService.Update ()
UnityEditor.EditorApplication.Internal_CallUpdateFunctions () (at C:/buildslave/unity/build/Editor/Mono/EditorApplication.cs:191)

2019-02-08 10:15:04.3840 [DEBUG] Disconnecting temporarily to recompile.
2019-02-08 10:15:04.3850 [ERROR] NullReferenceException: Object reference not set to an instance of an object
KS.SceneFusion.Client.Editor.CoEditService.set_RejoinOnStart (Boolean value)
KS.SceneFusion.Client.Editor.CoEditService.Disconnect (Boolean rejoin)
KS.SceneFusion.Client.Editor.CoEditService.DisconnectTemporarilyToRecompile ()
KS.SceneFusion.Client.Editor.CoEditService.ConnectedUpdate ()
KS.SceneFusion.Client.Editor.CoEditService.Update ()
UnityEditor.EditorApplication.Internal_CallUpdateFunctions () (at C:/buildslave/unity/build/Editor/Mono/EditorApplication.cs:191)

2019-02-08 10:15:04.3900 [DEBUG] Disconnecting temporarily to recompile.
2019-02-08 10:15:04.3910 [ERROR] NullReferenceException: Object reference not set to an instance of an object
KS.SceneFusion.Client.Editor.CoEditService.set_RejoinOnStart (Boolean value)
KS.SceneFusion.Client.Editor.CoEditService.Disconnect (Boolean rejoin)
KS.SceneFusion.Client.Editor.CoEditService.DisconnectTemporarilyToRecompile ()
KS.SceneFusion.Client.Editor.CoEditService.ConnectedUpdate ()
KS.SceneFusion.Client.Editor.CoEditService.Update ()
UnityEditor.EditorApplication.Internal_CallUpdateFunctions () (at C:/buildslave/unity/build/Editor/Mono/EditorApplication.cs:191)

2019-02-08 10:15:04.3970 [DEBUG] Disconnecting temporarily to recompile.
2019-02-08 10:15:04.3970 [ERROR] NullReferenceException: Object reference not set to an instance of an object
KS.SceneFusion.Client.Editor.CoEditService.set_RejoinOnStart (Boolean value)
KS.SceneFusion.Client.Editor.CoEditService.Disconnect (Boolean rejoin)
KS.SceneFusion.Client.Editor.CoEditService.DisconnectTemporarilyToRecompile ()
KS.SceneFusion.Client.Editor.CoEditService.ConnectedUpdate ()
KS.SceneFusion.Client.Editor.CoEditService.Update ()
UnityEditor.EditorApplication.Internal_CallUpdateFunctions () (at C:/buildslave/unity/build/Editor/Mono/EditorApplication.cs:191)

2019-02-08 10:15:04.4020 [DEBUG] Disconnecting temporarily to recompile.
2019-02-08 10:15:04.4030 [ERROR] NullReferenceException: Object reference not set to an instance of an object
KS.SceneFusion.Client.Editor.CoEditService.set_RejoinOnStart (Boolean value)
KS.SceneFusion.Client.Editor.CoEditService.Disconnect (Boolean rejoin)
KS.SceneFusion.Client.Editor.CoEditService.DisconnectTemporarilyToRecompile ()
KS.SceneFusion.Client.Editor.CoEditService.ConnectedUpdate ()
KS.SceneFusion.Client.Editor.CoEditService.Update ()
UnityEditor.EditorApplication.Internal_CallUpdateFunctions () (at C:/buildslave/unity/build/Editor/Mono/EditorApplication.cs:191)

2019-02-08 10:15:04.4080 [DEBUG] Disconnecting temporarily to recompile.
2019-02-08 10:15:04.4080 [ERROR] NullReferenceException: Object reference not set to an instance of an object
KS.SceneFusion.Client.Editor.CoEditService.set_RejoinOnStart (Boolean value)
KS.SceneFusion.Client.Editor.CoEditService.Disconnect (Boolean rejoin)
KS.SceneFusion.Client.Editor.CoEditService.DisconnectTemporarilyToRecompile ()
KS.SceneFusion.Client.Editor.CoEditService.ConnectedUpdate ()
KS.SceneFusion.Client.Editor.CoEditService.Update ()
UnityEditor.EditorApplication.Internal_CallUpdateFunctions () (at C:/buildslave/unity/build/Editor/Mono/EditorApplication.cs:191)

2019-02-08 10:15:04.4139 [DEBUG] Disconnecting temporarily to recompile.
2019-02-08 10:15:04.4139 [ERROR] NullReferenceException: Object reference not set to an instance of an object
KS.SceneFusion.Client.Editor.CoEditService.set_RejoinOnStart (Boolean value)
KS.SceneFusion.Client.Editor.CoEditService.Disconnect (Boolean rejoin)
KS.SceneFusion.Client.Editor.CoEditService.DisconnectTemporarilyToRecompile ()
KS.SceneFusion.Client.Editor.CoEditService.ConnectedUpdate ()
KS.SceneFusion.Client.Editor.CoEditService.Update ()
UnityEditor.EditorApplication.Internal_CallUpdateFunctions () (at C:/buildslave/unity/build/Editor/Mono/EditorApplication.cs:191)

2019-02-08 10:15:04.4179 [DEBUG] Disconnecting temporarily to recompile.
2019-02-08 10:15:04.4189 [ERROR] NullReferenceException: Object reference not set to an instance of an object
KS.SceneFusion.Client.Editor.CoEditService.set_RejoinOnStart (Boolean value)
KS.SceneFusion.Client.Editor.CoEditService.Disconnect (Boolean rejoin)
KS.SceneFusion.Client.Editor.CoEditService.DisconnectTemporarilyToRecompile ()
KS.SceneFusion.Client.Editor.CoEditService.ConnectedUpdate ()
KS.SceneFusion.Client.Editor.CoEditService.Update ()
UnityEditor.EditorApplication.Internal_CallUpdateFunctions () (at C:/buildslave/unity/build/Editor/Mono/EditorApplication.cs:191)

2019-02-08 10:15:04.4239 [DEBUG] Disconnecting temporarily to recompile.
2019-02-08 10:15:04.4239 [ERROR] NullReferenceException: Object reference not set to an instance of an object
KS.SceneFusion.Client.Editor.CoEditService.set_RejoinOnStart (Boolean value)
KS.SceneFusion.Client.Editor.CoEditService.Disconnect (Boolean rejoin)
KS.SceneFusion.Client.Editor.CoEditService.DisconnectTemporarilyToRecompile ()
KS.SceneFusion.Client.Editor.CoEditService.ConnectedUpdate ()
KS.SceneFusion.Client.Editor.CoEditService.Update ()
UnityEditor.EditorApplication.Internal_CallUpdateFunctions () (at C:/buildslave/unity/build/Editor/Mono/EditorApplication.cs:191)

2019-02-08 10:15:04.4295 [DEBUG] Disconnecting temporarily to recompile.
2019-02-08 10:15:04.4304 [ERROR] NullReferenceException: Object reference not set to an instance of an object
KS.SceneFusion.Client.Editor.CoEditService.set_RejoinOnStart (Boolean value)
KS.SceneFusion.Client.Editor.CoEditService.Disconnect (Boolean rejoin)
KS.SceneFusion.Client.Editor.CoEditService.DisconnectTemporarilyToRecompile ()
KS.SceneFusion.Client.Editor.CoEditService.ConnectedUpdate ()
KS.SceneFusion.Client.Editor.CoEditService.Update ()
UnityEditor.EditorApplication.Internal_CallUpdateFunctions () (at C:/buildslave/unity/build/Editor/Mono/EditorApplication.cs:191)

2019-02-08 10:15:04.4344 [DEBUG] Disconnecting temporarily to recompile.
2019-02-08 10:15:04.4354 [ERROR] NullReferenceException: Object reference not set to an instance of an object
KS.SceneFusion.Client.Editor.CoEditService.set_RejoinOnStart (Boolean value)
KS.SceneFusion.Client.Editor.CoEditService.Disconnect (Boolean rejoin)
KS.SceneFusion.Client.Editor.CoEditService.DisconnectTemporarilyToRecompile ()
KS.SceneFusion.Client.Editor.CoEditService.ConnectedUpdate ()
KS.SceneFusion.Client.Editor.CoEditService.Update ()
UnityEditor.EditorApplication.Internal_CallUpdateFunctions () (at C:/buildslave/unity/build/Editor/Mono/EditorApplication.cs:191)

2019-02-08 10:15:04.4404 [DEBUG] Disconnecting temporarily to recompile.
2019-02-08 10:15:04.4414 [ERROR] NullReferenceException: Object reference not set to an instance of an object
KS.SceneFusion.Client.Editor.CoEditService.set_RejoinOnStart (Boolean value)
KS.SceneFusion.Client.Editor.CoEditService.Disconnect (Boolean rejoin)
KS.SceneFusion.Client.Editor.CoEditService.DisconnectTemporarilyToRecompile ()
KS.SceneFusion.Client.Editor.CoEditService.ConnectedUpdate ()
KS.SceneFusion.Client.Editor.CoEditService.Update ()
UnityEditor.EditorApplication.Internal_CallUpdateFunctions () (at C:/buildslave/unity/build/Editor/Mono/EditorApplication.cs:191)

2019-02-08 10:15:04.4434 [DEBUG] Connected to room. (90395:SceneFusion:SceneFusion)
2019-02-08 10:15:04.4504 [INFO] Connected to server.
2019-02-08 10:15:04.4504 [DEBUG] OS : Microsoft Windows NT 10.0.17134.0
2019-02-08 10:15:04.4504 [DEBUG] Unity Version : 2018.2.15f1
2019-02-08 10:15:04.4504 [DEBUG] Pro License : False
2019-02-08 10:15:04.4504 [DEBUG] Platform : WindowsEditor
2019-02-08 10:15:04.4504 [DEBUG] Build Target : StandaloneWindows64
2019-02-08 10:15:04.4504 [DEBUG] Scene Fusion version : 1.8.2
2019-02-08 10:15:04.4504 [DEBUG] Scene Fusion client build : 0
2019-02-08 10:15:04.4514 [DEBUG] User : skyherojochempie@gmail.com
2019-02-08 10:15:04.4514 [DEBUG] Waiting for server response
2019-02-08 10:15:04.4544 [DEBUG] Disconnecting temporarily to recompile.
2019-02-08 10:15:04.4554 [ERROR] NullReferenceException: Object reference not set to an instance of an object
KS.SceneFusion.Client.Editor.CoEditService.set_RejoinOnStart (Boolean value)
KS.SceneFusion.Client.Editor.CoEditService.Disconnect (Boolean rejoin)
KS.SceneFusion.Client.Editor.CoEditService.DisconnectTemporarilyToRecompile ()
KS.SceneFusion.Client.Editor.CoEditService.ConnectedUpdate ()
KS.SceneFusion.Client.Editor.CoEditService.Update ()
UnityEditor.EditorApplication.Internal_CallUpdateFunctions () (at C:/buildslave/unity/build/Editor/Mono/EditorApplication.cs:191)

2019-02-08 10:15:04.4604 [DEBUG] Disconnecting temporarily to recompile.
2019-02-08 10:15:04.4624 [ERROR] NullReferenceException: Object reference not set to an instance of an object
KS.SceneFusion.Client.Editor.CoEditService.set_RejoinOnStart (Boolean value)
KS.SceneFusion.Client.Editor.CoEditService.Disconnect (Boolean rejoin)
KS.SceneFusion.Client.Editor.CoEditService.DisconnectTemporarilyToRecompile ()
KS.SceneFusion.Client.Editor.CoEditService.ConnectedUpdate ()
KS.SceneFusion.Client.Editor.CoEditService.Update ()
UnityEditor.EditorApplication.Internal_CallUpdateFunctions () (at C:/buildslave/unity/build/Editor/Mono/EditorApplication.cs:191)

2019-02-08 10:15:04.4683 [DEBUG] Disconnecting temporarily to recompile.
2019-02-08 10:15:04.4693 [ERROR] NullReferenceException: Object reference not set to an instance of an object
KS.SceneFusion.Client.Editor.CoEditService.set_RejoinOnStart (Boolean value)
KS.SceneFusion.Client.Editor.CoEditService.Disconnect (Boolean rejoin)
KS.SceneFusion.Client.Editor.CoEditService.DisconnectTemporarilyToRecompile ()
KS.SceneFusion.Client.Editor.CoEditService.ConnectedUpdate ()
KS.SceneFusion.Client.Editor.CoEditService.Update ()
UnityEditor.EditorApplication.Internal_CallUpdateFunctions () (at C:/buildslave/unity/build/Editor/Mono/EditorApplication.cs:191)

2019-02-08 10:15:04.4733 [DEBUG] Disconnecting temporarily to recompile.
2019-02-08 10:15:04.4743 [ERROR] NullReferenceException: Object reference not set to an instance of an object
KS.SceneFusion.Client.Editor.CoEditService.set_RejoinOnStart (Boolean value)
KS.SceneFusion.Client.Editor.CoEditService.Disconnect (Boolean rejoin)
KS.SceneFusion.Client.Editor.CoEditService.DisconnectTemporarilyToRecompile ()
KS.SceneFusion.Client.Editor.CoEditService.ConnectedUpdate ()
KS.SceneFusion.Client.Editor.CoEditService.Update ()
UnityEditor.EditorApplication.Internal_CallUpdateFunctions () (at C:/buildslave/unity/build/Editor/Mono/EditorApplication.cs:191)

2019-02-08 10:15:04.4813 [DEBUG] Disconnecting temporarily to recompile.
2019-02-08 10:15:04.4823 [ERROR] NullReferenceException: Object reference not set to an instance of an object
KS.SceneFusion.Client.Editor.CoEditService.set_RejoinOnStart (Boolean value)
KS.SceneFusion.Client.Editor.CoEditService.Disconnect (Boolean rejoin)
KS.SceneFusion.Client.Editor.CoEditService.DisconnectTemporarilyToRecompile ()
KS.SceneFusion.Client.Editor.CoEditService.ConnectedUpdate ()
KS.SceneFusion.Client.Editor.CoEditService.Update ()
UnityEditor.EditorApplication.Internal_CallUpdateFunctions () (at C:/buildslave/unity/build/Editor/Mono/EditorApplication.cs:191)

2019-02-08 10:15:04.4873 [DEBUG] Disconnecting temporarily to recompile.
2019-02-08 10:15:04.4873 [ERROR] NullReferenceException: Object reference not set to an instance of an object
KS.SceneFusion.Client.Editor.CoEditService.set_RejoinOnStart (Boolean value)
KS.SceneFusion.Client.Editor.CoEditService.Disconnect (Boolean rejoin)
KS.SceneFusion.Client.Editor.CoEditService.DisconnectTemporarilyToRecompile ()
KS.SceneFusion.Client.Editor.CoEditService.ConnectedUpdate ()
KS.SceneFusion.Client.Editor.CoEditService.Update ()
UnityEditor.EditorApplication.Internal_CallUpdateFunctions () (at C:/buildslave/unity/build/Editor/Mono/EditorApplication.cs:191)

2019-02-08 10:15:04.4923 [DEBUG] Disconnecting temporarily to recompile.
2019-02-08 10:15:04.4933 [ERROR] NullReferenceException: Object reference not set to an instance of an object
KS.SceneFusion.Client.Editor.CoEditService.set_RejoinOnStart (Boolean value)
KS.SceneFusion.Client.Editor.CoEditService.Disconnect (Boolean rejoin)
KS.SceneFusion.Client.Editor.CoEditService.DisconnectTemporarilyToRecompile ()
KS.SceneFusion.Client.Editor.CoEditService.ConnectedUpdate ()
KS.SceneFusion.Client.Editor.CoEditService.Update ()
UnityEditor.EditorApplication.Internal_CallUpdateFunctions () (at C:/buildslave/unity/build/Editor/Mono/EditorApplication.cs:191)

2019-02-08 10:15:04.5003 [DEBUG] Disconnecting temporarily to recompile.
2019-02-08 10:15:04.5012 [ERROR] NullReferenceException: Object reference not set to an instance of an object
KS.SceneFusion.Client.Editor.CoEditService.set_RejoinOnStart (Boolean value)
KS.SceneFusion.Client.Editor.CoEditService.Disconnect (Boolean rejoin)
KS.SceneFusion.Client.Editor.CoEditService.DisconnectTemporarilyToRecompile ()
KS.SceneFusion.Client.Editor.CoEditService.ConnectedUpdate ()
KS.SceneFusion.Client.Editor.CoEditService.Update ()
UnityEditor.EditorApplication.Internal_CallUpdateFunctions () (at C:/buildslave/unity/build/Editor/Mono/EditorApplication.cs:191)

2019-02-08 10:15:04.5062 [DEBUG] Disconnecting temporarily to recompile.
2019-02-08 10:15:04.5072 [ERROR] NullReferenceException: Object reference not set to an instance of an object
KS.SceneFusion.Client.Editor.CoEditService.set_RejoinOnStart (Boolean value)
KS.SceneFusion.Client.Editor.CoEditService.Disconnect (Boolean rejoin)
KS.SceneFusion.Client.Editor.CoEditService.DisconnectTemporarilyToRecompile ()
KS.SceneFusion.Client.Editor.CoEditService.ConnectedUpdate ()
KS.SceneFusion.Client.Editor.CoEditService.Update ()
UnityEditor.EditorApplication.Internal_CallUpdateFunctions () (at C:/buildslave/unity/build/Editor/Mono/EditorApplication.cs:191)

2019-02-08 10:15:04.5142 [DEBUG] Disconnecting temporarily to recompile.
2019-02-08 10:15:04.5152 [ERROR] NullReferenceException: Object reference not set to an instance of an object
KS.SceneFusion.Client.Editor.CoEditService.set_RejoinOnStart (Boolean value)
KS.SceneFusion.Client.Editor.CoEditService.Disconnect (Boolean rejoin)
KS.SceneFusion.Client.Editor.CoEditService.DisconnectTemporarilyToRecompile ()
KS.SceneFusion.Client.Editor.CoEditService.ConnectedUpdate ()
KS.SceneFusion.Client.Editor.CoEditService.Update ()
UnityEditor.EditorApplication.Internal_CallUpdateFunctions () (at C:/buildslave/unity/build/Editor/Mono/EditorApplication.cs:191)

2019-02-08 10:15:04.5192 [DEBUG] Disconnecting temporarily to recompile.
2019-02-08 10:15:04.5202 [ERROR] NullReferenceException: Object reference not set to an instance of an object
KS.SceneFusion.Client.Editor.CoEditService.set_RejoinOnStart (Boolean value)
KS.SceneFusion.Client.Editor.CoEditService.Disconnect (Boolean rejoin)
KS.SceneFusion.Client.Editor.CoEditService.DisconnectTemporarilyToRecompile ()
KS.SceneFusion.Client.Editor.CoEditService.ConnectedUpdate ()
KS.SceneFusion.Client.Editor.CoEditService.Update ()
UnityEditor.EditorApplication.Internal_CallUpdateFunctions () (at C:/buildslave/unity/build/Editor/Mono/EditorApplication.cs:191)

2019-02-08 10:15:04.5252 [DEBUG] Disconnecting temporarily to recompile.
2019-02-08 10:15:04.5262 [ERROR] NullReferenceException: Object reference not set to an instance of an object
KS.SceneFusion.Client.Editor.CoEditService.set_RejoinOnStart (Boolean value)
KS.SceneFusion.Client.Editor.CoEditService.Disconnect (Boolean rejoin)
KS.SceneFusion.Client.Editor.CoEditService.DisconnectTemporarilyToRecompile ()
KS.SceneFusion.Client.Editor.CoEditService.ConnectedUpdate ()
KS.SceneFusion.Client.Editor.CoEditService.Update ()
UnityEditor.EditorApplication.Internal_CallUpdateFunctions () (at C:/buildslave/unity/build/Editor/Mono/EditorApplication.cs:191)

2019-02-08 10:15:04.5317 [DEBUG] Disconnecting temporarily to recompile.
2019-02-08 10:15:04.5317 [ERROR] NullReferenceException: Object reference not set to an instance of an object
KS.SceneFusion.Client.Editor.CoEditService.set_RejoinOnStart (Boolean value)
KS.SceneFusion.Client.Editor.CoEditService.Disconnect (Boolean rejoin)
KS.SceneFusion.Client.Editor.CoEditService.DisconnectTemporarilyToRecompile ()
KS.SceneFusion.Client.Editor.CoEditService.ConnectedUpdate ()
KS.SceneFusion.Client.Editor.CoEditService.Update ()
UnityEditor.EditorApplication.Internal_CallUpdateFunctions () (at C:/buildslave/unity/build/Editor/Mono/EditorApplication.cs:191)

2019-02-08 10:15:04.5377 [DEBUG] Disconnecting temporarily to recompile.
2019-02-08 10:15:04.5397 [ERROR] NullReferenceException: Object reference not set to an instance of an object
KS.SceneFusion.Client.Editor.CoEditService.set_RejoinOnStart (Boolean value)
KS.SceneFusion.Client.Editor.CoEditService.Disconnect (Boolean rejoin)
KS.SceneFusion.Client.Editor.CoEditService.DisconnectTemporarilyToRecompile ()
KS.SceneFusion.Client.Editor.CoEditService.ConnectedUpdate ()
KS.SceneFusion.Client.Editor.CoEditService.Update ()
UnityEditor.EditorApplication.Internal_CallUpdateFunctions () (at C:/buildslave/unity/build/Editor/Mono/EditorApplication.cs:191)

2019-02-08 10:15:04.5536 [DEBUG] Disconnecting temporarily to recompile.
2019-02-08 10:15:04.5546 [ERROR] NullReferenceException: Object reference not set to an instance of an object
KS.SceneFusion.Client.Editor.CoEditService.set_RejoinOnStart (Boolean value)
KS.SceneFusion.Client.Editor.CoEditService.Disconnect (Boolean rejoin)
KS.SceneFusion.Client.Editor.CoEditService.DisconnectTemporarilyToRecompile ()
KS.SceneFusion.Client.Editor.CoEditService.ConnectedUpdate ()
KS.SceneFusion.Client.Editor.CoEditService.Update ()
UnityEditor.EditorApplication.Internal_CallUpdateFunctions () (at C:/buildslave/unity/build/Editor/Mono/EditorApplication.cs:191)

2019-02-08 10:15:04.5596 [DEBUG] Disconnecting temporarily to recompile.
2019-02-08 10:15:04.5606 [ERROR] NullReferenceException: Object reference not set to an instance of an object
KS.SceneFusion.Client.Editor.CoEditService.set_RejoinOnStart (Boolean value)
KS.SceneFusion.Client.Editor.CoEditService.Disconnect (Boolean rejoin)
KS.SceneFusion.Client.Editor.CoEditService.DisconnectTemporarilyToRecompile ()
KS.SceneFusion.Client.Editor.CoEditService.ConnectedUpdate ()
KS.SceneFusion.Client.Editor.CoEditService.Update ()
UnityEditor.EditorApplication.Internal_CallUpdateFunctions () (at C:/buildslave/unity/build/Editor/Mono/EditorApplication.cs:191)

2019-02-08 10:15:04.5656 [DEBUG] Disconnecting temporarily to recompile.
2019-02-08 10:15:04.5666 [ERROR] NullReferenceException: Object reference not set to an instance of an object
KS.SceneFusion.Client.Editor.CoEditService.set_RejoinOnStart (Boolean value)
KS.SceneFusion.Client.Editor.CoEditService.Disconnect (Boolean rejoin)
KS.SceneFusion.Client.Editor.CoEditService.DisconnectTemporarilyToRecompile ()
KS.SceneFusion.Client.Editor.CoEditService.ConnectedUpdate ()
KS.SceneFusion.Client.Editor.CoEditService.Update ()
UnityEditor.EditorApplication.Internal_CallUpdateFunctions () (at C:/buildslave/unity/build/Editor/Mono/EditorApplication.cs:191)

2019-02-08 10:15:04.5716 [DEBUG] Disconnecting temporarily to recompile.
2019-02-08 10:15:04.5726 [ERROR] NullReferenceException: Object reference not set to an instance of an object
KS.SceneFusion.Client.Editor.CoEditService.set_RejoinOnStart (Boolean value)
KS.SceneFusion.Client.Editor.CoEditService.Disconnect (Boolean rejoin)
KS.SceneFusion.Client.Editor.CoEditService.DisconnectTemporarilyToRecompile ()
KS.SceneFusion.Client.Editor.CoEditService.ConnectedUpdate ()
KS.SceneFusion.Client.Editor.CoEditService.Update ()
UnityEditor.EditorApplication.Internal_CallUpdateFunctions () (at C:/buildslave/unity/build/Editor/Mono/EditorApplication.cs:191)

2019-02-08 10:15:04.6025 [DEBUG] Tier: Scene Fusion Free, Permissions: 00001400
2019-02-08 10:15:04.6025 [DEBUG] User Permissions: FFFFFFFF
2019-02-08 10:15:04.6294 [DEBUG] No stand-in for UnityEngine.ProceduralMaterial
2019-02-08 10:15:04.6294 [DEBUG] No stand-in for UnityEngine.ProceduralTexture
2019-02-08 10:15:04.7142 [DEBUG] Disconnecting temporarily to recompile.
2019-02-08 10:15:04.7152 [DEBUG] Disconnecting from room (90395:SceneFusion:SceneFusion)
2019-02-08 10:15:04.7232 [INFO] Disconnected from server.
2019-02-08 10:15:04.7232 [DEBUG] Disconnect. (Duration: 78)
2019-02-08 10:15:08.7262 [DEBUG] Scene Fusion version 1.8.2-0
2019-02-08 10:15:09.1401 [DEBUG] Connecting
2019-02-08 10:15:09.1750 [DEBUG] Connecting to room (90395:SceneFusion:SceneFusion) via TCP at roommanager-ec2-52-12-117-140.kinematicsoup.com:21312
2019-02-08 10:15:09.1840 [DEBUG] Guest connection. (Session: 90395)
2019-02-08 10:15:09.3645 [DEBUG] Validating model...
2019-02-08 10:15:09.5451 [DEBUG] Model updated
2019-02-08 10:15:09.5460 [DEBUG] Authenticating with server...
2019-02-08 10:15:09.7344 [DEBUG] Authentication with the remote host failed. (90395:SceneFusion:SceneFusion)
2019-02-08 10:15:09.7384 [DEBUG] Failed to authenticate: Connection refused because this user is already connected to the session.
2019-02-08 10:15:09.8381 [DEBUG] Connection failed. (90395:SceneFusion:SceneFusion)
